<?xml version="1.0" encoding="UTF-8"?>
<!-- Generated by org.testng.reporters.JUnitReportReporter -->
<testsuite skipped="1" hostname="AIPL-PUN-LT-081" name="testNgSessions.EnableTest" tests="4" failures="0" timestamp="07 Apr 2020 06:06:15 GMT" time="0.011" errors="0">
  <testcase name="dtest1" time="0.010" classname="testNgSessions.EnableTest"/>
  <testcase name="dtest2" time="0.001" classname="testNgSessions.EnableTest"/>
  <testcase name="dtest3" time="0.000" classname="testNgSessions.EnableTest"/>
  <testcase name="dtest4" classname="testNgSessions.EnableTest">
    <skipped/>
  </testcase> <!-- dtest4 -->
</testsuite> <!-- testNgSessions.EnableTest -->
