<?xml version="1.0" encoding="UTF-8"?>
<!-- Generated by org.testng.reporters.JUnitReportReporter -->
<testsuite skipped="0" hostname="AIPL-PUN-LT-081" name="com.qa.tests.RightClickConcept17" tests="1" failures="0" timestamp="09 Apr 2020 04:33:49 GMT" time="7.032" errors="0">
  <testcase name="verifyRightDropDownValues" time="7.032" classname="com.qa.tests.RightClickConcept17"/>
</testsuite> <!-- com.qa.tests.RightClickConcept17 -->
